#
# There is insufficient memory for the Java Runtime Environment to continue.
# Native memory allocation (mmap) failed to map 65536 bytes. Error detail: Failed to commit metaspace.
# Possible reasons:
#   The system is out of physical RAM or swap space
#   This process is running with CompressedOops enabled, and the Java Heap may be blocking the growth of the native heap
# Possible solutions:
#   Reduce memory load on the system
#   Increase physical memory or swap space
#   Check if swap backing store is full
#   Decrease Java heap size (-Xmx/-Xms)
#   Decrease number of Java threads
#   Decrease Java thread stack sizes (-Xss)
#   Set larger code cache with -XX:ReservedCodeCacheSize=
#   JVM is running with Unscaled Compressed Oops mode in which the Java heap is
#     placed in the first 4GB address space. The Java Heap base address is the
#     maximum limit for the native heap growth. Please use -XX:HeapBaseMinAddress
#     to set the Java Heap base and to place the Java Heap above 4GB virtual address.
# This output file may be truncated or incomplete.
#
#  Out of Memory Error (virtualSpaceNode.cpp:113), pid=123304, tid=123340
#
# JRE version: OpenJDK Runtime Environment Temurin-21.0.7+6 (21.0.7+6) (build 21.0.7+6-LTS)
# Java VM: OpenJDK 64-Bit Server VM Temurin-21.0.7+6 (21.0.7+6-LTS, mixed mode, sharing, tiered, compressed oops, compressed class ptrs, parallel gc, windows-amd64)
# No core dump will be written. Minidumps are not enabled by default on client versions of Windows
#

---------------  S U M M A R Y ------------

Command Line: --add-modules=ALL-SYSTEM --add-opens=java.base/java.util=ALL-UNNAMED --add-opens=java.base/java.lang=ALL-UNNAMED --add-opens=java.base/sun.nio.fs=ALL-UNNAMED -Declipse.application=org.eclipse.jdt.ls.core.id1 -Dosgi.bundles.defaultStartLevel=4 -Declipse.product=org.eclipse.jdt.ls.core.product -Djava.import.generatesMetadataFilesAtProjectRoot=false -DDetectVMInstallationsJob.disabled=true -Dfile.encoding=utf8 -XX:+UseParallelGC -XX:GCTimeRatio=4 -XX:AdaptiveSizePolicyWeight=90 -Dsun.zip.disableMemoryMapping=true -Xmx1G -Xms100m -Xlog:disable -javaagent:c:\Users\Darel\.vscode\extensions\redhat.java-1.42.0-win32-x64\lombok\lombok-1.18.36.jar c:\Users\Darel\.vscode\extensions\redhat.java-1.42.0-win32-x64\server\plugins\org.eclipse.equinox.launcher_1.7.0.v20250424-1814.jar -configuration c:\Users\Darel\AppData\Roaming\Code\User\globalStorage\redhat.java\1.42.0\config_ss_win -data c:\Users\Darel\AppData\Roaming\Code\User\workspaceStorage\0b49ccf5e10f26b0e9b595deb0b88bd4\redhat.java\ss_ws --pipe=\\.\pipe\lsp-29c67c73699e6e4e1b148d8ad4910415-sock

Host: Intel(R) Core(TM) i7-3540M CPU @ 3.00GHz, 4 cores, 15G,  Windows 10 , 64 bit Build 19041 (10.0.19041.5915)
Time: Mon Jun 23 18:12:17 2025 Afr. centrale Ouest elapsed time: 5.165724 seconds (0d 0h 0m 5s)

---------------  T H R E A D  ---------------

Current thread (0x0000023ff84686f0):  JavaThread "C1 CompilerThread0" daemon [_thread_in_vm, id=123340, stack(0x000000807d200000,0x000000807d300000) (1024K)]


Current CompileTask:
C1:5165 1738       3       java.lang.String::encode8859_1 (159 bytes)

Stack: [0x000000807d200000,0x000000807d300000]
Native frames: (J=compiled Java code, j=interpreted, Vv=VM code, C=native code)
V  [jvm.dll+0x6ce119]
V  [jvm.dll+0x8a84a1]
V  [jvm.dll+0x8aa9ce]
V  [jvm.dll+0x8ab0b3]
V  [jvm.dll+0x27f8a6]
V  [jvm.dll+0x8a41ee]
V  [jvm.dll+0x670575]
V  [jvm.dll+0x6705da]
V  [jvm.dll+0x672dc2]
V  [jvm.dll+0x672c92]
V  [jvm.dll+0x670f4e]
V  [jvm.dll+0x6823fa]
V  [jvm.dll+0x67b4d2]
V  [jvm.dll+0x1f2590]
V  [jvm.dll+0x1f2778]
V  [jvm.dll+0x165661]
V  [jvm.dll+0x1654a6]
V  [jvm.dll+0x15d088]
V  [jvm.dll+0x15f309]
V  [jvm.dll+0x15d925]
V  [jvm.dll+0x157857]
V  [jvm.dll+0x1670a6]
V  [jvm.dll+0x152cb0]
V  [jvm.dll+0x153033]
V  [jvm.dll+0x153304]
V  [jvm.dll+0x152736]
V  [jvm.dll+0x15450d]
V  [jvm.dll+0x25695a]
V  [jvm.dll+0x254efa]
V  [jvm.dll+0x3f03f6]
V  [jvm.dll+0x851f6b]
V  [jvm.dll+0x6cc7dd]
C  [ucrtbase.dll+0x21bb2]
C  [KERNEL32.DLL+0x17374]
C  [ntdll.dll+0x4cc91]


---------------  P R O C E S S  ---------------

Threads class SMR info:
_java_thread_list=0x0000023ff974f4b0, length=12, elements={
0x0000023fe1d2e580, 0x0000023ff83ea8b0, 0x0000023ff83ed4f0, 0x0000023ff83ef120,
0x0000023ff83f1f40, 0x0000023ff83f3b00, 0x0000023ff83f47d0, 0x0000023ff83f7610,
0x0000023ff84686f0, 0x0000023fe412bec0, 0x0000023ff93dfaf0, 0x0000023ff96fea20
}

Java Threads: ( => current thread )
  0x0000023fe1d2e580 JavaThread "main"                              [_thread_in_vm, id=123428, stack(0x000000807c700000,0x000000807c800000) (1024K)]
  0x0000023ff83ea8b0 JavaThread "Reference Handler"          daemon [_thread_blocked, id=123148, stack(0x000000807cb00000,0x000000807cc00000) (1024K)]
  0x0000023ff83ed4f0 JavaThread "Finalizer"                  daemon [_thread_blocked, id=114196, stack(0x000000807cc00000,0x000000807cd00000) (1024K)]
  0x0000023ff83ef120 JavaThread "Signal Dispatcher"          daemon [_thread_blocked, id=120316, stack(0x000000807cd00000,0x000000807ce00000) (1024K)]
  0x0000023ff83f1f40 JavaThread "Attach Listener"            daemon [_thread_blocked, id=110112, stack(0x000000807ce00000,0x000000807cf00000) (1024K)]
  0x0000023ff83f3b00 JavaThread "Service Thread"             daemon [_thread_blocked, id=121392, stack(0x000000807cf00000,0x000000807d000000) (1024K)]
  0x0000023ff83f47d0 JavaThread "Monitor Deflation Thread"   daemon [_thread_blocked, id=123164, stack(0x000000807d000000,0x000000807d100000) (1024K)]
  0x0000023ff83f7610 JavaThread "C2 CompilerThread0"         daemon [_thread_blocked, id=59428, stack(0x000000807d100000,0x000000807d200000) (1024K)]
=>0x0000023ff84686f0 JavaThread "C1 CompilerThread0"         daemon [_thread_in_vm, id=123340, stack(0x000000807d200000,0x000000807d300000) (1024K)]
  0x0000023fe412bec0 JavaThread "Common-Cleaner"             daemon [_thread_blocked, id=123852, stack(0x000000807d300000,0x000000807d400000) (1024K)]
  0x0000023ff93dfaf0 JavaThread "Notification Thread"        daemon [_thread_blocked, id=106232, stack(0x000000807d400000,0x000000807d500000) (1024K)]
  0x0000023ff96fea20 JavaThread "Active Thread: Equinox Container: 7bac89db-408c-46ac-a876-380704a34e70"        [_thread_blocked, id=123756, stack(0x000000807d500000,0x000000807d600000) (1024K)]
Total: 12

Other Threads:
  0x0000023ff83de1c0 VMThread "VM Thread"                           [id=123108, stack(0x000000807ca00000,0x000000807cb00000) (1024K)]
  0x0000023fe4129470 WatcherThread "VM Periodic Task Thread"        [id=112072, stack(0x000000807c900000,0x000000807ca00000) (1024K)]
  0x0000023fe40dd4b0 WorkerThread "GC Thread#0"                     [id=123324, stack(0x000000807c800000,0x000000807c900000) (1024K)]
  0x0000023ff99c2530 WorkerThread "GC Thread#1"                     [id=14584, stack(0x000000807d600000,0x000000807d700000) (1024K)]
  0x0000023ff958f4a0 WorkerThread "GC Thread#2"                     [id=116052, stack(0x000000807d700000,0x000000807d800000) (1024K)]
  0x0000023ff958f840 WorkerThread "GC Thread#3"                     [id=123820, stack(0x000000807d800000,0x000000807d900000) (1024K)]
Total: 6

Threads with active compile tasks:
C1 CompilerThread0  5263 1738       3       java.lang.String::encode8859_1 (159 bytes)
Total: 1

VM state: not at safepoint (normal execution)

VM Mutex/Monitor currently owned by a thread:  ([mutex/lock_event])
[0x00007ffa456bc308] Metaspace_lock - owner thread: 0x0000023ff84686f0

Heap address: 0x00000000c0000000, size: 1024 MB, Compressed Oops mode: 32-bit

CDS archive(s) mapped at: [0x0000023f80000000-0x0000023f80ba0000-0x0000023f80ba0000), size 12189696, SharedBaseAddress: 0x0000023f80000000, ArchiveRelocationMode: 1.
Compressed class space mapped at: 0x0000023f81000000-0x0000023fc1000000, reserved size: 1073741824
Narrow klass base: 0x0000023f80000000, Narrow klass shift: 0, Narrow klass range: 0x100000000

GC Precious Log:
 CardTable entry size: 512
 CPUs: 4 total, 4 available
 Memory: 16228M
 Large Page Support: Disabled
 NUMA Support: Disabled
 Compressed Oops: Enabled (32-bit)
 Alignments: Space 512K, Generation 512K, Heap 2M
 Heap Min Capacity: 100M
 Heap Initial Capacity: 100M
 Heap Max Capacity: 1G
 Pre-touch: Disabled
 Parallel Workers: 4

Heap:
 PSYoungGen      total 29696K, used 25312K [0x00000000eab00000, 0x00000000ecc00000, 0x0000000100000000)
  eden space 25600K, 85% used [0x00000000eab00000,0x00000000ec07e7f8,0x00000000ec400000)
  from space 4096K, 80% used [0x00000000ec400000,0x00000000ec739870,0x00000000ec800000)
  to   space 4096K, 0% used [0x00000000ec800000,0x00000000ec800000,0x00000000ecc00000)
 ParOldGen       total 68608K, used 0K [0x00000000c0000000, 0x00000000c4300000, 0x00000000eab00000)
  object space 68608K, 0% used [0x00000000c0000000,0x00000000c0000000,0x00000000c4300000)
 Metaspace       used 7833K, committed 8128K, reserved 1114112K
  class space    used 789K, committed 960K, reserved 1048576K

Card table byte_map: [0x0000023fe3a50000,0x0000023fe3c60000] _byte_map_base: 0x0000023fe3450000

Marking Bits: (ParMarkBitMap*) 0x00007ffa456c31f0
 Begin Bits: [0x0000023ff62a0000, 0x0000023ff72a0000)
 End Bits:   [0x0000023ff72a0000, 0x0000023ff82a0000)

Polling page: 0x0000023fe1ef0000

Metaspace:

Usage:
  Non-class:      6.88 MB used.
      Class:    789.11 KB used.
       Both:      7.65 MB used.

Virtual space:
  Non-class space:       64.00 MB reserved,       7.00 MB ( 11%) committed,  1 nodes.
      Class space:        1.00 GB reserved,     960.00 KB ( <1%) committed,  1 nodes.
             Both:        1.06 GB reserved,       7.94 MB ( <1%) committed. 

Chunk freelists:
   Non-Class:  8.91 MB
       Class:  14.92 MB
        Both:  23.83 MB

MaxMetaspaceSize: unlimited
CompressedClassSpaceSize: 1.00 GB
Initial GC threshold: 21.00 MB
Current GC threshold: 21.00 MB
CDS: on
 - commit_granule_bytes: 65536.
 - commit_granule_words: 8192.
 - virtual_space_node_default_size: 8388608.
 - enlarge_chunks_in_place: 1.
 - use_allocation_guard: 0.


Internal statistics:

num_allocs_failed_limit: 0.
num_arena_births: 256.
num_arena_deaths: 0.
num_vsnodes_births: 2.
num_vsnodes_deaths: 0.
num_space_committed: 127.
num_space_uncommitted: 0.
num_chunks_returned_to_freelist: 0.
num_chunks_taken_from_freelist: 424.
num_chunk_merges: 0.
num_chunk_splits: 291.
num_chunks_enlarged: 196.
num_inconsistent_stats: 0.

CodeHeap 'non-profiled nmethods': size=120000Kb used=784Kb max_used=784Kb free=119215Kb
 bounds [0x0000023feed70000, 0x0000023feefe0000, 0x0000023ff62a0000]
CodeHeap 'profiled nmethods': size=120000Kb used=3063Kb max_used=3063Kb free=116936Kb
 bounds [0x0000023fe72a0000, 0x0000023fe75a0000, 0x0000023fee7d0000]
CodeHeap 'non-nmethods': size=5760Kb used=1210Kb max_used=1243Kb free=4549Kb
 bounds [0x0000023fee7d0000, 0x0000023feea40000, 0x0000023feed70000]
 total_blobs=2215 nmethods=1737 adapters=385
 compilation: enabled
              stopped_count=0, restarted_count=0
 full_count=0

Compilation events (20 events):
Event: 5.068 Thread 0x0000023ff84686f0 1732       3       java.util.regex.Pattern$SliceI::match (96 bytes)
Event: 5.069 Thread 0x0000023ff84686f0 nmethod 1732 0x0000023fe7599390 code [0x0000023fe75995a0, 0x0000023fe7599bc8]
Event: 5.069 Thread 0x0000023ff84686f0 1736       3       sun.security.provider.ByteArrayAccess::i2bBig (33 bytes)
Event: 5.070 Thread 0x0000023ff84686f0 nmethod 1736 0x0000023fe7599e10 code [0x0000023fe759a020, 0x0000023fe759a720]
Event: 5.070 Thread 0x0000023ff84686f0 1733   !   3       sun.security.provider.DigestBase::engineDigest (33 bytes)
Event: 5.071 Thread 0x0000023ff84686f0 nmethod 1733 0x0000023fe759aa90 code [0x0000023fe759ac60, 0x0000023fe759af10]
Event: 5.071 Thread 0x0000023ff84686f0 1734       3       sun.security.provider.DigestBase::engineDigest (112 bytes)
Event: 5.072 Thread 0x0000023ff84686f0 nmethod 1734 0x0000023fe759b010 code [0x0000023fe759b2e0, 0x0000023fe759bee8]
Event: 5.072 Thread 0x0000023ff84686f0 1735       3       sun.security.provider.SHA2::implDigest (98 bytes)
Event: 5.074 Thread 0x0000023ff84686f0 nmethod 1735 0x0000023fe759c390 code [0x0000023fe759c6a0, 0x0000023fe759d7e0]
Event: 5.088 Thread 0x0000023ff83f7610 nmethod 1721 0x0000023feee2ca10 code [0x0000023feee2ccc0, 0x0000023feee2dd68]
Event: 5.088 Thread 0x0000023ff83f7610 1723       4       java.math.BigInteger::implMultiplyToLen (216 bytes)
Event: 5.105 Thread 0x0000023ff83f7610 nmethod 1723 0x0000023feee2e610 code [0x0000023feee2e7c0, 0x0000023feee2eec0]
Event: 5.105 Thread 0x0000023ff83f7610 1722 %     4       jdk.internal.util.ArraysSupport::hashCode @ 8 (33 bytes)
Event: 5.110 Thread 0x0000023ff83f7610 nmethod 1722% 0x0000023feee2f110 code [0x0000023feee2f2a0, 0x0000023feee2f518]
Event: 5.110 Thread 0x0000023ff83f7610 1731 %     4       java.math.MutableBigInteger::mulsub @ 24 (110 bytes)
Event: 5.114 Thread 0x0000023ff83f7610 nmethod 1731% 0x0000023feee2f610 code [0x0000023feee2f7a0, 0x0000023feee2f9a0]
Event: 5.158 Thread 0x0000023ff84686f0 1737   !   3       sun.security.util.ManifestEntryVerifier::setEntry (298 bytes)
Event: 5.162 Thread 0x0000023ff84686f0 nmethod 1737 0x0000023feee2fb90 code [0x0000023feee30160, 0x0000023feee33160]
Event: 5.162 Thread 0x0000023ff84686f0 1738       3       java.lang.String::encode8859_1 (159 bytes)

GC Heap History (2 events):
Event: 3.300 GC heap before
{Heap before GC invocations=1 (full 0):
 PSYoungGen      total 29696K, used 25600K [0x00000000eab00000, 0x00000000ecc00000, 0x0000000100000000)
  eden space 25600K, 100% used [0x00000000eab00000,0x00000000ec400000,0x00000000ec400000)
  from space 4096K, 0% used [0x00000000ec800000,0x00000000ec800000,0x00000000ecc00000)
  to   space 4096K, 0% used [0x00000000ec400000,0x00000000ec400000,0x00000000ec800000)
 ParOldGen       total 68608K, used 0K [0x00000000c0000000, 0x00000000c4300000, 0x00000000eab00000)
  object space 68608K, 0% used [0x00000000c0000000,0x00000000c0000000,0x00000000c4300000)
 Metaspace       used 4378K, committed 4736K, reserved 1114112K
  class space    used 461K, committed 640K, reserved 1048576K
}
Event: 3.321 GC heap after
{Heap after GC invocations=1 (full 0):
 PSYoungGen      total 29696K, used 3302K [0x00000000eab00000, 0x00000000ecc00000, 0x0000000100000000)
  eden space 25600K, 0% used [0x00000000eab00000,0x00000000eab00000,0x00000000ec400000)
  from space 4096K, 80% used [0x00000000ec400000,0x00000000ec739870,0x00000000ec800000)
  to   space 4096K, 0% used [0x00000000ec800000,0x00000000ec800000,0x00000000ecc00000)
 ParOldGen       total 68608K, used 0K [0x00000000c0000000, 0x00000000c4300000, 0x00000000eab00000)
  object space 68608K, 0% used [0x00000000c0000000,0x00000000c0000000,0x00000000c4300000)
 Metaspace       used 4378K, committed 4736K, reserved 1114112K
  class space    used 461K, committed 640K, reserved 1048576K
}

Dll operation events (8 events):
Event: 0.048 Loaded shared library c:\Users\Darel\.vscode\extensions\redhat.java-1.42.0-win32-x64\jre\21.0.7-win32-x86_64\bin\java.dll
Event: 0.302 Loaded shared library c:\Users\Darel\.vscode\extensions\redhat.java-1.42.0-win32-x64\jre\21.0.7-win32-x86_64\bin\zip.dll
Event: 0.367 Loaded shared library C:\Users\Darel\.vscode\extensions\redhat.java-1.42.0-win32-x64\jre\21.0.7-win32-x86_64\bin\instrument.dll
Event: 0.380 Loaded shared library C:\Users\Darel\.vscode\extensions\redhat.java-1.42.0-win32-x64\jre\21.0.7-win32-x86_64\bin\net.dll
Event: 0.385 Loaded shared library C:\Users\Darel\.vscode\extensions\redhat.java-1.42.0-win32-x64\jre\21.0.7-win32-x86_64\bin\nio.dll
Event: 0.392 Loaded shared library C:\Users\Darel\.vscode\extensions\redhat.java-1.42.0-win32-x64\jre\21.0.7-win32-x86_64\bin\zip.dll
Event: 0.448 Loaded shared library C:\Users\Darel\.vscode\extensions\redhat.java-1.42.0-win32-x64\jre\21.0.7-win32-x86_64\bin\jimage.dll
Event: 0.708 Loaded shared library c:\Users\Darel\.vscode\extensions\redhat.java-1.42.0-win32-x64\jre\21.0.7-win32-x86_64\bin\verify.dll

Deoptimization events (20 events):
Event: 4.252 Thread 0x0000023fe1d2e580 Uncommon trap: trap_request=0xffffffc6 fr.pc=0x0000023feedb8558 relative=0x0000000000000298
Event: 4.252 Thread 0x0000023fe1d2e580 Uncommon trap: reason=bimorphic_or_optimized_type_check action=maybe_recompile pc=0x0000023feedb8558 method=java.util.Collections$UnmodifiableCollection$1.next()Ljava/lang/Object; @ 4 c2
Event: 4.252 Thread 0x0000023fe1d2e580 DEOPT PACKING pc=0x0000023feedb8558 sp=0x000000807c7f8770
Event: 4.252 Thread 0x0000023fe1d2e580 DEOPT UNPACKING pc=0x0000023fee823aa2 sp=0x000000807c7f8720 mode 2
Event: 4.694 Thread 0x0000023fe1d2e580 Uncommon trap: trap_request=0xffffff45 fr.pc=0x0000023feedf924c relative=0x00000000000000ac
Event: 4.694 Thread 0x0000023fe1d2e580 Uncommon trap: reason=unstable_if action=reinterpret pc=0x0000023feedf924c method=java.util.concurrent.locks.ReentrantLock$NonfairSync.initialTryLock()Z @ 10 c2
Event: 4.694 Thread 0x0000023fe1d2e580 DEOPT PACKING pc=0x0000023feedf924c sp=0x000000807c7feba0
Event: 4.694 Thread 0x0000023fe1d2e580 DEOPT UNPACKING pc=0x0000023fee823aa2 sp=0x000000807c7feb30 mode 2
Event: 4.695 Thread 0x0000023fe1d2e580 Uncommon trap: trap_request=0xffffff45 fr.pc=0x0000023feedf8eb4 relative=0x0000000000000094
Event: 4.695 Thread 0x0000023fe1d2e580 Uncommon trap: reason=unstable_if action=reinterpret pc=0x0000023feedf8eb4 method=java.util.concurrent.locks.ReentrantLock$Sync.tryRelease(I)Z @ 26 c2
Event: 4.695 Thread 0x0000023fe1d2e580 DEOPT PACKING pc=0x0000023feedf8eb4 sp=0x000000807c7fec70
Event: 4.695 Thread 0x0000023fe1d2e580 DEOPT UNPACKING pc=0x0000023fee823aa2 sp=0x000000807c7febf0 mode 2
Event: 5.058 Thread 0x0000023fe1d2e580 DEOPT PACKING pc=0x0000023fe7428808 sp=0x000000807c7fc770
Event: 5.058 Thread 0x0000023fe1d2e580 DEOPT UNPACKING pc=0x0000023fee824242 sp=0x000000807c7fbbf0 mode 0
Event: 5.063 Thread 0x0000023fe1d2e580 DEOPT PACKING pc=0x0000023fe7428808 sp=0x000000807c7fca80
Event: 5.063 Thread 0x0000023fe1d2e580 DEOPT UNPACKING pc=0x0000023fee824242 sp=0x000000807c7fbf00 mode 0
Event: 5.066 Thread 0x0000023fe1d2e580 DEOPT PACKING pc=0x0000023fe7428808 sp=0x000000807c7fc9d0
Event: 5.066 Thread 0x0000023fe1d2e580 DEOPT UNPACKING pc=0x0000023fee824242 sp=0x000000807c7fbe50 mode 0
Event: 5.067 Thread 0x0000023fe1d2e580 DEOPT PACKING pc=0x0000023fe7428808 sp=0x000000807c7fccd0
Event: 5.067 Thread 0x0000023fe1d2e580 DEOPT UNPACKING pc=0x0000023fee824242 sp=0x000000807c7fc150 mode 0

Classes loaded (20 events):
Event: 4.770 Loading class java/util/concurrent/Executors$RunnableAdapter
Event: 4.770 Loading class java/util/concurrent/Executors$RunnableAdapter done
Event: 4.771 Loading class java/util/concurrent/ThreadPoolExecutor$Worker
Event: 4.771 Loading class java/util/concurrent/ThreadPoolExecutor$Worker done
Event: 4.862 Loading class java/util/ArrayList$ListItr
Event: 4.862 Loading class java/util/ArrayList$ListItr done
Event: 4.919 Loading class java/util/ConcurrentModificationException
Event: 4.920 Loading class java/util/ConcurrentModificationException done
Event: 4.942 Loading class java/util/LinkedList
Event: 4.942 Loading class java/util/AbstractSequentialList
Event: 4.942 Loading class java/util/AbstractSequentialList done
Event: 4.943 Loading class java/util/LinkedList done
Event: 4.972 Loading class java/net/ContentHandlerFactory
Event: 4.972 Loading class java/net/ContentHandlerFactory done
Event: 4.978 Loading class java/net/ContentHandler
Event: 4.979 Loading class java/net/ContentHandler done
Event: 5.042 Loading class javax/xml/parsers/ParserConfigurationException
Event: 5.042 Loading class javax/xml/parsers/ParserConfigurationException done
Event: 5.046 Loading class java/security/KeyStoreException
Event: 5.046 Loading class java/security/KeyStoreException done

Classes unloaded (0 events):
No events

Classes redefined (0 events):
No events

Internal exceptions (20 events):
Event: 3.249 Thread 0x0000023fe1d2e580 Exception <a 'java/lang/ClassNotFoundException'{0x00000000ec3ad678}: sun/net/www/protocol/c/Handler> (0x00000000ec3ad678) 
thrown [s\src\hotspot\share\classfile\systemDictionary.cpp, line 312]
Event: 3.250 Thread 0x0000023fe1d2e580 Exception <a 'java/lang/ClassNotFoundException'{0x00000000ec3aea38}: sun/net/www/protocol/g/Handler> (0x00000000ec3aea38) 
thrown [s\src\hotspot\share\classfile\systemDictionary.cpp, line 312]
Event: 3.252 Thread 0x0000023fe1d2e580 Exception <a 'java/lang/ClassNotFoundException'{0x00000000ec3afc48}: sun/net/www/protocol/c/Handler> (0x00000000ec3afc48) 
thrown [s\src\hotspot\share\classfile\systemDictionary.cpp, line 312]
Event: 3.283 Thread 0x0000023fe1d2e580 Exception <a 'java/io/FileNotFoundException'{0x00000000ec3d62a8}> (0x00000000ec3d62a8) 
thrown [s\src\hotspot\share\prims\jni.cpp, line 520]
Event: 3.398 Thread 0x0000023fe1d2e580 Implicit null exception at 0x0000023feedd2dc9 to 0x0000023feedd373c
Event: 3.399 Thread 0x0000023fe1d2e580 Implicit null exception at 0x0000023feedd9c9a to 0x0000023feedd9ea8
Event: 3.400 Thread 0x0000023fe1d2e580 Exception <a 'java/lang/NoSuchMethodError'{0x00000000eacc48d0}: 'void java.lang.invoke.DirectMethodHandle$Holder.invokeStatic(java.lang.Object, java.lang.Object, java.lang.Object, java.lang.Object)'> (0x00000000eacc48d0) 
thrown [s\src\hotspot\share\interpreter\linkResolver.cpp, line 773]
Event: 3.401 Thread 0x0000023fe1d2e580 Implicit null exception at 0x0000023feedda39a to 0x0000023feedda5a8
Event: 3.402 Thread 0x0000023fe1d2e580 Implicit null exception at 0x0000023feedd7e3d to 0x0000023feedd7ec1
Event: 3.527 Thread 0x0000023fe1d2e580 Exception <a 'java/lang/NoSuchMethodError'{0x00000000eae83fa8}: 'long java.lang.invoke.DirectMethodHandle$Holder.invokeStatic(java.lang.Object, java.lang.Object, int)'> (0x00000000eae83fa8) 
thrown [s\src\hotspot\share\interpreter\linkResolver.cpp, line 773]
Event: 3.528 Thread 0x0000023fe1d2e580 Exception <a 'java/lang/NoSuchMethodError'{0x00000000eae8b998}: 'java.lang.Object java.lang.invoke.DirectMethodHandle$Holder.invokeSpecial(java.lang.Object, java.lang.Object, java.lang.Object, java.lang.Object, long)'> (0x00000000eae8b998) 
thrown [s\src\hotspot\share\interpreter\linkResolver.cpp, line 773]
Event: 3.530 Thread 0x0000023fe1d2e580 Exception <a 'java/lang/NoSuchMethodError'{0x00000000eae99390}: 'java.lang.Object java.lang.invoke.DirectMethodHandle$Holder.invokeSpecial(java.lang.Object, java.lang.Object, java.lang.Object, int, java.lang.Object)'> (0x00000000eae99390) 
thrown [s\src\hotspot\share\interpreter\linkResolver.cpp, line 773]
Event: 3.537 Thread 0x0000023fe1d2e580 Exception <a 'java/lang/NoSuchMethodError'{0x00000000eaec2d08}: 'int java.lang.invoke.DirectMethodHandle$Holder.invokeStaticInit(java.lang.Object, java.lang.Object, java.lang.Object, java.lang.Object)'> (0x00000000eaec2d08) 
thrown [s\src\hotspot\share\interpreter\linkResolver.cpp, line 773]
Event: 3.539 Thread 0x0000023fe1d2e580 Exception <a 'java/lang/IncompatibleClassChangeError'{0x00000000eaecb208}: Found class java.lang.Object, but interface was expected> (0x00000000eaecb208) 
thrown [s\src\hotspot\share\interpreter\linkResolver.cpp, line 840]
Event: 3.543 Thread 0x0000023fe1d2e580 Exception <a 'java/lang/NoSuchMethodError'{0x00000000eaecf3a8}: 'void java.lang.invoke.DirectMethodHandle$Holder.invokeStaticInit(java.lang.Object, java.lang.Object)'> (0x00000000eaecf3a8) 
thrown [s\src\hotspot\share\interpreter\linkResolver.cpp, line 773]
Event: 3.545 Thread 0x0000023fe1d2e580 Exception <a 'java/lang/NoSuchMethodError'{0x00000000eaed64a0}: 'int java.lang.invoke.DirectMethodHandle$Holder.invokeStaticInit(java.lang.Object, java.lang.Object)'> (0x00000000eaed64a0) 
thrown [s\src\hotspot\share\interpreter\linkResolver.cpp, line 773]
Event: 3.735 Thread 0x0000023fe1d2e580 Exception <a 'java/lang/NoSuchMethodError'{0x00000000eb013920}: 'void java.lang.invoke.DirectMethodHandle$Holder.invokeSpecial(java.lang.Object, java.lang.Object, java.lang.Object)'> (0x00000000eb013920) 
thrown [s\src\hotspot\share\interpreter\linkResolver.cpp, line 773]
Event: 4.600 Thread 0x0000023fe1d2e580 Exception <a 'java/lang/NoSuchMethodError'{0x00000000eb8bb1e0}: 'int java.lang.invoke.DirectMethodHandle$Holder.invokeVirtual(java.lang.Object, java.lang.Object)'> (0x00000000eb8bb1e0) 
thrown [s\src\hotspot\share\interpreter\linkResolver.cpp, line 773]
Event: 4.885 Thread 0x0000023fe1d2e580 Exception <a 'java/lang/NoSuchMethodError'{0x00000000ebc24b68}: 'java.lang.Object java.lang.invoke.DirectMethodHandle$Holder.newInvokeSpecial(java.lang.Object, int, java.lang.Object)'> (0x00000000ebc24b68) 
thrown [s\src\hotspot\share\interpreter\linkResolver.cpp, line 773]
Event: 4.957 Thread 0x0000023fe1d2e580 Exception <a 'java/lang/NoSuchMethodError'{0x00000000ebda9400}: 'java.lang.Object java.lang.invoke.DirectMethodHandle$Holder.newInvokeSpecial(java.lang.Object, java.lang.Object, java.lang.Object, java.lang.Object, int, java.lang.Object)'> (0x00000000ebda9400) 
thrown [s\src\hotspot\share\interpreter\linkResolver.cpp, line 773]

ZGC Phase Switch (0 events):
No events

VM Operations (20 events):
Event: 1.477 Executing VM operation: Cleanup
Event: 1.477 Executing VM operation: Cleanup done
Event: 2.172 Executing VM operation: HandshakeAllThreads (Deoptimize)
Event: 2.172 Executing VM operation: HandshakeAllThreads (Deoptimize) done
Event: 2.299 Executing VM operation: HandshakeAllThreads (Deoptimize)
Event: 2.299 Executing VM operation: HandshakeAllThreads (Deoptimize) done
Event: 3.170 Executing VM operation: HandshakeAllThreads (Deoptimize)
Event: 3.171 Executing VM operation: HandshakeAllThreads (Deoptimize) done
Event: 3.171 Executing VM operation: Cleanup
Event: 3.171 Executing VM operation: Cleanup done
Event: 3.300 Executing VM operation: ParallelGCFailedAllocation (Allocation Failure)
Event: 3.321 Executing VM operation: ParallelGCFailedAllocation (Allocation Failure) done
Event: 4.329 Executing VM operation: Cleanup
Event: 4.344 Executing VM operation: Cleanup done
Event: 4.801 Executing VM operation: HandshakeAllThreads (Deoptimize)
Event: 4.820 Executing VM operation: HandshakeAllThreads (Deoptimize) done
Event: 4.863 Executing VM operation: HandshakeAllThreads (Deoptimize)
Event: 4.863 Executing VM operation: HandshakeAllThreads (Deoptimize) done
Event: 4.943 Executing VM operation: HandshakeAllThreads (Deoptimize)
Event: 4.943 Executing VM operation: HandshakeAllThreads (Deoptimize) done

Memory protections (0 events):
No events

Nmethod flushes (0 events):
No events

Events (18 events):
Event: 0.098 Thread 0x0000023fe1d2e580 Thread added: 0x0000023fe1d2e580
Event: 0.145 Thread 0x0000023fe1d2e580 Thread added: 0x0000023ff83ea8b0
Event: 0.146 Thread 0x0000023fe1d2e580 Thread added: 0x0000023ff83ed4f0
Event: 0.146 Thread 0x0000023fe1d2e580 Thread added: 0x0000023ff83ef120
Event: 0.146 Thread 0x0000023fe1d2e580 Thread added: 0x0000023ff83f1f40
Event: 0.146 Thread 0x0000023fe1d2e580 Thread added: 0x0000023ff83f3b00
Event: 0.147 Thread 0x0000023fe1d2e580 Thread added: 0x0000023ff83f47d0
Event: 0.147 Thread 0x0000023fe1d2e580 Thread added: 0x0000023ff83f7610
Event: 0.167 Thread 0x0000023fe1d2e580 Thread added: 0x0000023ff84686f0
Event: 0.253 Thread 0x0000023fe1d2e580 Thread added: 0x0000023fe412bec0
Event: 1.496 Thread 0x0000023fe1d2e580 Thread added: 0x0000023ff93dfaf0
Event: 1.899 Thread 0x0000023ff84686f0 Thread added: 0x0000023ff9557fa0
Event: 2.729 Thread 0x0000023ff9557fa0 Thread exited: 0x0000023ff9557fa0
Event: 3.099 Thread 0x0000023ff83f7610 Thread added: 0x0000023ff9868c20
Event: 3.321 Thread 0x0000023ff9868c20 Thread exited: 0x0000023ff9868c20
Event: 3.886 Thread 0x0000023ff84686f0 Thread added: 0x0000023ff98580e0
Event: 4.274 Thread 0x0000023ff98580e0 Thread exited: 0x0000023ff98580e0
Event: 4.771 Thread 0x0000023fe1d2e580 Thread added: 0x0000023ff96fea20


Dynamic libraries:
0x00007ff69e010000 - 0x00007ff69e01e000 	c:\Users\Darel\.vscode\extensions\redhat.java-1.42.0-win32-x64\jre\21.0.7-win32-x86_64\bin\java.exe
0x00007ffa93270000 - 0x00007ffa93468000 	C:\WINDOWS\SYSTEM32\ntdll.dll
0x00007ffa91b70000 - 0x00007ffa91c32000 	C:\WINDOWS\System32\KERNEL32.DLL
0x00007ffa90de0000 - 0x00007ffa910d6000 	C:\WINDOWS\System32\KERNELBASE.dll
0x00007ffa910e0000 - 0x00007ffa911e0000 	C:\WINDOWS\System32\ucrtbase.dll
0x00007ffa71fe0000 - 0x00007ffa71ff8000 	c:\Users\Darel\.vscode\extensions\redhat.java-1.42.0-win32-x64\jre\21.0.7-win32-x86_64\bin\jli.dll
0x00007ffa93090000 - 0x00007ffa9322d000 	C:\WINDOWS\System32\USER32.dll
0x00007ffa90db0000 - 0x00007ffa90dd2000 	C:\WINDOWS\System32\win32u.dll
0x00007ffa92960000 - 0x00007ffa9298b000 	C:\WINDOWS\System32\GDI32.dll
0x00007ffa90c00000 - 0x00007ffa90d19000 	C:\WINDOWS\System32\gdi32full.dll
0x00007ffa90b60000 - 0x00007ffa90bfd000 	C:\WINDOWS\System32\msvcp_win.dll
0x00007ffa71600000 - 0x00007ffa7161e000 	c:\Users\Darel\.vscode\extensions\redhat.java-1.42.0-win32-x64\jre\21.0.7-win32-x86_64\bin\VCRUNTIME140.dll
0x00007ffa7d610000 - 0x00007ffa7d8aa000 	C:\WINDOWS\WinSxS\amd64_microsoft.windows.common-controls_6595b64144ccf1df_6.0.19041.5915_none_60b4b9d171f9c7c7\COMCTL32.dll
0x00007ffa92790000 - 0x00007ffa9282e000 	C:\WINDOWS\System32\msvcrt.dll
0x00007ffa92590000 - 0x00007ffa925bf000 	C:\WINDOWS\System32\IMM32.DLL
0x00000000559c0000 - 0x00000000559cc000 	C:\Program Files (x86)\360\Total Security\safemon\SafeWrapper.dll
0x00007ffa91ab0000 - 0x00007ffa91b61000 	C:\WINDOWS\System32\ADVAPI32.dll
0x00007ffa92fd0000 - 0x00007ffa9306f000 	C:\WINDOWS\System32\sechost.dll
0x00007ffa92a70000 - 0x00007ffa92b93000 	C:\WINDOWS\System32\RPCRT4.dll
0x00007ffa90b30000 - 0x00007ffa90b57000 	C:\WINDOWS\System32\bcrypt.dll
0x00007ffa303b0000 - 0x00007ffa3045c000 	C:\Program Files (x86)\360\Total Security\safemon\libzdtp64.dll
0x00007ffa91c40000 - 0x00007ffa923ae000 	C:\WINDOWS\System32\SHELL32.dll
0x00007ffa92ba0000 - 0x00007ffa92bfb000 	C:\WINDOWS\System32\SHLWAPI.dll
0x00007ffa903b0000 - 0x00007ffa903ba000 	C:\WINDOWS\SYSTEM32\VERSION.dll
0x00007ffa76100000 - 0x00007ffa7610c000 	c:\Users\Darel\.vscode\extensions\redhat.java-1.42.0-win32-x64\jre\21.0.7-win32-x86_64\bin\vcruntime140_1.dll
0x00007ffa4d890000 - 0x00007ffa4d91d000 	c:\Users\Darel\.vscode\extensions\redhat.java-1.42.0-win32-x64\jre\21.0.7-win32-x86_64\bin\msvcp140.dll
0x00007ffa44a10000 - 0x00007ffa457a0000 	c:\Users\Darel\.vscode\extensions\redhat.java-1.42.0-win32-x64\jre\21.0.7-win32-x86_64\bin\server\jvm.dll
0x00007ffa92c00000 - 0x00007ffa92c6b000 	C:\WINDOWS\System32\WS2_32.dll
0x00007ffa90760000 - 0x00007ffa907ab000 	C:\WINDOWS\SYSTEM32\POWRPROF.dll
0x00007ffa7e330000 - 0x00007ffa7e357000 	C:\WINDOWS\SYSTEM32\WINMM.dll
0x00007ffa90740000 - 0x00007ffa90752000 	C:\WINDOWS\SYSTEM32\UMPDC.dll
0x00007ffa8f070000 - 0x00007ffa8f082000 	C:\WINDOWS\SYSTEM32\kernel.appcore.dll
0x00007ffa733c0000 - 0x00007ffa733ca000 	c:\Users\Darel\.vscode\extensions\redhat.java-1.42.0-win32-x64\jre\21.0.7-win32-x86_64\bin\jimage.dll
0x00007ffa8ee40000 - 0x00007ffa8f041000 	C:\WINDOWS\SYSTEM32\DBGHELP.DLL
0x00007ffa87080000 - 0x00007ffa870b4000 	C:\WINDOWS\SYSTEM32\dbgcore.DLL
0x00007ffa90d20000 - 0x00007ffa90da2000 	C:\WINDOWS\System32\bcryptPrimitives.dll
0x00007ffa72d30000 - 0x00007ffa72d3f000 	c:\Users\Darel\.vscode\extensions\redhat.java-1.42.0-win32-x64\jre\21.0.7-win32-x86_64\bin\instrument.dll
0x00007ffa70ee0000 - 0x00007ffa70eff000 	c:\Users\Darel\.vscode\extensions\redhat.java-1.42.0-win32-x64\jre\21.0.7-win32-x86_64\bin\java.dll
0x00007ffa8e570000 - 0x00007ffa8ed14000 	C:\WINDOWS\SYSTEM32\windows.storage.dll
0x00007ffa92c70000 - 0x00007ffa92fc3000 	C:\WINDOWS\System32\combase.dll
0x00007ffa90110000 - 0x00007ffa9013b000 	C:\WINDOWS\SYSTEM32\Wldp.dll
0x00007ffa92990000 - 0x00007ffa92a5d000 	C:\WINDOWS\System32\OLEAUT32.dll
0x00007ffa923b0000 - 0x00007ffa9245d000 	C:\WINDOWS\System32\SHCORE.dll
0x00007ffa90830000 - 0x00007ffa90855000 	C:\WINDOWS\SYSTEM32\profapi.dll
0x00007ffa705b0000 - 0x00007ffa705c8000 	c:\Users\Darel\.vscode\extensions\redhat.java-1.42.0-win32-x64\jre\21.0.7-win32-x86_64\bin\zip.dll
0x00007ffa72a60000 - 0x00007ffa72a70000 	C:\Users\Darel\.vscode\extensions\redhat.java-1.42.0-win32-x64\jre\21.0.7-win32-x86_64\bin\net.dll
0x00007ffa84060000 - 0x00007ffa8416a000 	C:\WINDOWS\SYSTEM32\WINHTTP.dll
0x00007ffa8fef0000 - 0x00007ffa8ff5a000 	C:\WINDOWS\system32\mswsock.dll
0x00007ffa70340000 - 0x00007ffa70356000 	C:\Users\Darel\.vscode\extensions\redhat.java-1.42.0-win32-x64\jre\21.0.7-win32-x86_64\bin\nio.dll
0x00007ffa72060000 - 0x00007ffa72070000 	c:\Users\Darel\.vscode\extensions\redhat.java-1.42.0-win32-x64\jre\21.0.7-win32-x86_64\bin\verify.dll

dbghelp: loaded successfully - version: 4.0.5 - missing functions: none
symbol engine: initialized successfully - sym options: 0x614 - pdb path: .;c:\Users\Darel\.vscode\extensions\redhat.java-1.42.0-win32-x64\jre\21.0.7-win32-x86_64\bin;C:\WINDOWS\SYSTEM32;C:\WINDOWS\WinSxS\amd64_microsoft.windows.common-controls_6595b64144ccf1df_6.0.19041.5915_none_60b4b9d171f9c7c7;C:\Program Files (x86)\360\Total Security\safemon;c:\Users\Darel\.vscode\extensions\redhat.java-1.42.0-win32-x64\jre\21.0.7-win32-x86_64\bin\server

VM Arguments:
jvm_args: --add-modules=ALL-SYSTEM --add-opens=java.base/java.util=ALL-UNNAMED --add-opens=java.base/java.lang=ALL-UNNAMED --add-opens=java.base/sun.nio.fs=ALL-UNNAMED -Declipse.application=org.eclipse.jdt.ls.core.id1 -Dosgi.bundles.defaultStartLevel=4 -Declipse.product=org.eclipse.jdt.ls.core.product -Djava.import.generatesMetadataFilesAtProjectRoot=false -DDetectVMInstallationsJob.disabled=true -Dfile.encoding=utf8 -XX:+UseParallelGC -XX:GCTimeRatio=4 -XX:AdaptiveSizePolicyWeight=90 -Dsun.zip.disableMemoryMapping=true -Xmx1G -Xms100m -Xlog:disable -javaagent:c:\Users\Darel\.vscode\extensions\redhat.java-1.42.0-win32-x64\lombok\lombok-1.18.36.jar 
java_command: c:\Users\Darel\.vscode\extensions\redhat.java-1.42.0-win32-x64\server\plugins\org.eclipse.equinox.launcher_1.7.0.v20250424-1814.jar -configuration c:\Users\Darel\AppData\Roaming\Code\User\globalStorage\redhat.java\1.42.0\config_ss_win -data c:\Users\Darel\AppData\Roaming\Code\User\workspaceStorage\0b49ccf5e10f26b0e9b595deb0b88bd4\redhat.java\ss_ws --pipe=\\.\pipe\lsp-29c67c73699e6e4e1b148d8ad4910415-sock
java_class_path (initial): c:\Users\Darel\.vscode\extensions\redhat.java-1.42.0-win32-x64\server\plugins\org.eclipse.equinox.launcher_1.7.0.v20250424-1814.jar
Launcher Type: SUN_STANDARD

[Global flags]
    uintx AdaptiveSizePolicyWeight                 = 90                                        {product} {command line}
     intx CICompilerCount                          = 3                                         {product} {ergonomic}
    uintx GCTimeRatio                              = 4                                         {product} {command line}
   size_t InitialHeapSize                          = 104857600                                 {product} {command line}
   size_t MaxHeapSize                              = 1073741824                                {product} {command line}
   size_t MaxNewSize                               = 357564416                                 {product} {ergonomic}
   size_t MinHeapDeltaBytes                        = 524288                                    {product} {ergonomic}
   size_t MinHeapSize                              = 104857600                                 {product} {command line}
   size_t NewSize                                  = 34603008                                  {product} {ergonomic}
    uintx NonNMethodCodeHeapSize                   = 5832780                                {pd product} {ergonomic}
    uintx NonProfiledCodeHeapSize                  = 122912730                              {pd product} {ergonomic}
   size_t OldSize                                  = 70254592                                  {product} {ergonomic}
    uintx ProfiledCodeHeapSize                     = 122912730                              {pd product} {ergonomic}
    uintx ReservedCodeCacheSize                    = 251658240                              {pd product} {ergonomic}
     bool SegmentedCodeCache                       = true                                      {product} {ergonomic}
   size_t SoftMaxHeapSize                          = 1073741824                             {manageable} {ergonomic}
     bool UseCompressedOops                        = true                           {product lp64_product} {ergonomic}
     bool UseLargePagesIndividualAllocation        = false                                  {pd product} {ergonomic}
     bool UseParallelGC                            = true                                      {product} {command line}

Logging:
Log output configuration:
 #0: stdout all=off uptime,level,tags foldmultilines=false
 #1: stderr all=off uptime,level,tags foldmultilines=false

Environment Variables:
PATH=C:\Program Files (x86)\VMware\VMware Workstation\bin\;C:\Program Files\Common Files\Oracle\Java\javapath;C:\WINDOWS\system32;C:\WINDOWS;C:\WINDOWS\System32\Wbem;C:\WINDOWS\System32\WindowsPowerShell\v1.0\;C:\Program Files\nodejs\;C:\Program Files\Git\cmd;C:\WINDOWS\System32\OpenSSH\;C:\Program Files\Docker\Docker\resources\bin;C:\flutter\bin;C:\xampp\php;C:\composer;C:\Users\Darel\Downloads\apache-maven-3.9.9\bin;C:\Users\Darel\AppData\Local\Programs\Python\Python311\Scripts\;C:\Users\Darel\AppData\Local\Programs\Python\Python311\;C:\Users\Darel\AppData\Local\Microsoft\WindowsApps;C:\Users\Darel\AppData\Roaming\npm;C:\Users\Darel\AppData\Local\Programs\Microsoft VS Code\bin;C:\Users\Darel\AppData\Roaming\Composer\vendor\bin
USERNAME=Darel
OS=Windows_NT
PROCESSOR_IDENTIFIER=Intel64 Family 6 Model 58 Stepping 9, GenuineIntel
TMP=C:\Users\Darel\AppData\Local\Temp
TEMP=C:\Users\Darel\AppData\Local\Temp




Periodic native trim disabled

---------------  S Y S T E M  ---------------

OS:
 Windows 10 , 64 bit Build 19041 (10.0.19041.5915)
OS uptime: 4 days 18:12 hours
Hyper-V role detected

CPU: total 4 (initial active 4) (2 cores per cpu, 2 threads per core) family 6 model 58 stepping 9 microcode 0x21, cx8, cmov, fxsr, ht, mmx, sse, sse2, sse3, ssse3, sse4.1, sse4.2, popcnt, tsc, tscinvbit, avx, aes, erms, clmul, vzeroupper, clflush, hv, rdtscp, f16c
Processor Information for the first 4 processors :
  Max Mhz: 3001, Current Mhz: 3001, Mhz Limit: 3001

Memory: 4k page, system-wide physical 16228M (1163M free)
TotalPageFile size 28048M (AvailPageFile size 5M)
current process WorkingSet (physical memory assigned to process): 86M, peak: 86M
current process commit charge ("private bytes"): 193M, peak: 193M

vm_info: OpenJDK 64-Bit Server VM (21.0.7+6-LTS) for windows-amd64 JRE (21.0.7+6-LTS), built on 2025-04-15T00:00:00Z by "admin" with MS VC++ 17.7 (VS2022)

END.
